<?xml version="1.0" encoding="UTF-8"?>
<testsuite name="Academy Choucair" tests="1" skipped="0" failures="0" errors="0" timestamp="2020-11-22T06:52:39" hostname="DESKTOP-A3JK0MA" time="23.166">
  <properties/>
  <testcase name="Search for a automation course" classname="Academy Choucair" time="23.166"/>
  <system-out><![CDATA[]]></system-out>
  <system-err><![CDATA[[Test worker] WARN net.thucydides.core.steps.BaseStepListener - stepStarted: net.thucydides.core.steps.ExecutedStepDescription@6f1778da
[Test worker] WARN net.thucydides.core.steps.BaseStepListener - stepStarted: net.thucydides.core.steps.ExecutedStepDescription@1866a082
[Test worker] WARN net.thucydides.core.steps.BaseStepListener - stepStarted: net.thucydides.core.steps.ExecutedStepDescription@7dd8a3e6
nov 22, 2020 1:52:39 AM org.openqa.selenium.remote.DesiredCapabilities chrome
INFORMACIÓN: Using `new ChromeOptions()` is preferred to `DesiredCapabilities.chrome()`
[Test worker] INFO net.serenitybdd.core.webdriver.driverproviders.ProvideNewDriver - Instantiating driver
[Test worker] INFO net.serenitybdd.core.webdriver.driverproviders.ProvideNewDriver - Driver capabilities: Capabilities {acceptInsecureCerts: false, browserName: chrome, chrome.switches: --start-maximized, goog:chromeOptions: {args: [--start-maximized], extensions: []}, loggingPrefs: org.openqa.selenium.logging..., platform: ANY, version: }
Starting ChromeDriver 86.0.4240.22 (398b0743353ff36fb1b82468f63a3a93b4e2e89e-refs/branch-heads/4240@{#378}) on port 26223
Only local connections are allowed.
Please see https://chromedriver.chromium.org/security-considerations for suggestions on keeping ChromeDriver safe.
ChromeDriver was started successfully.
nov 22, 2020 1:52:44 AM org.openqa.selenium.remote.ProtocolHandshake createSession
INFORMACIÓN: Detected dialect: W3C
[Test worker] WARN net.thucydides.core.steps.BaseStepListener - stepFinished: current outcome:Search for a automation course:Given than Rose wants to learn automation at the Academy Choucair
| strUser | strPassword |
| 1026154371 | Choucair2020* | [Brandon open up [Brandon opens the Choucair academy page]]
[Test worker] WARN net.thucydides.core.steps.BaseStepListener - stepFinished: current outcome:Search for a automation course:Given than Rose wants to learn automation at the Academy Choucair
| strUser | strPassword |
| 1026154371 | Choucair2020* | [Brandon open up [Brandon opens the Choucair academy page]]
[Test worker] WARN net.thucydides.core.steps.BaseStepListener - stepStarted: net.thucydides.core.steps.ExecutedStepDescription@12bc60ea
[Test worker] WARN net.thucydides.core.steps.BaseStepListener - stepStarted: net.thucydides.core.steps.ExecutedStepDescription@5947f0ba
[Test worker] WARN net.thucydides.core.steps.BaseStepListener - stepFinished: current outcome:Search for a automation course:Given than Rose wants to learn automation at the Academy Choucair
| strUser | strPassword |
| 1026154371 | Choucair2020* | [Brandon open up [Brandon opens the Choucair academy page], Brandon login [Brandon clicks on button that shows us the form to login]]
[Test worker] WARN net.thucydides.core.steps.BaseStepListener - stepStarted: net.thucydides.core.steps.ExecutedStepDescription@5808d2f7
[Test worker] WARN net.thucydides.core.steps.BaseStepListener - stepFinished: current outcome:Search for a automation course:Given than Rose wants to learn automation at the Academy Choucair
| strUser | strPassword |
| 1026154371 | Choucair2020* | [Brandon open up [Brandon opens the Choucair academy page], Brandon login [Brandon clicks on button that shows us the form to login, Brandon enters '1026154371' into where do we write the user]]
[Test worker] WARN net.thucydides.core.steps.BaseStepListener - stepStarted: net.thucydides.core.steps.ExecutedStepDescription@46f8cf70
[Test worker] WARN net.thucydides.core.steps.BaseStepListener - stepFinished: current outcome:Search for a automation course:Given than Rose wants to learn automation at the Academy Choucair
| strUser | strPassword |
| 1026154371 | Choucair2020* | [Brandon open up [Brandon opens the Choucair academy page], Brandon login [Brandon clicks on button that shows us the form to login, Brandon enters '1026154371' into where do we write the user, Brandon enters 'Choucair2020*' into where do we write the password]]
[Test worker] WARN net.thucydides.core.steps.BaseStepListener - stepStarted: net.thucydides.core.steps.ExecutedStepDescription@40bca8c0
[Test worker] WARN net.thucydides.core.steps.BaseStepListener - stepFinished: current outcome:Search for a automation course:Given than Rose wants to learn automation at the Academy Choucair
| strUser | strPassword |
| 1026154371 | Choucair2020* | [Brandon open up [Brandon opens the Choucair academy page], Brandon login [Brandon clicks on button that shows us the form to login, Brandon enters '1026154371' into where do we write the user, Brandon enters 'Choucair2020*' into where do we write the password, Brandon clicks on button to confirm login]]
[Test worker] WARN net.thucydides.core.steps.BaseStepListener - stepFinished: current outcome:Search for a automation course:Given than Rose wants to learn automation at the Academy Choucair
| strUser | strPassword |
| 1026154371 | Choucair2020* | [Brandon open up [Brandon opens the Choucair academy page], Brandon login [Brandon clicks on button that shows us the form to login, Brandon enters '1026154371' into where do we write the user, Brandon enters 'Choucair2020*' into where do we write the password, Brandon clicks on button to confirm login]]
[Test worker] WARN net.thucydides.core.steps.BaseStepListener - stepFinished: current outcome:Search for a automation course:Given than Rose wants to learn automation at the Academy Choucair
| strUser | strPassword |
| 1026154371 | Choucair2020* | [Brandon open up [Brandon opens the Choucair academy page], Brandon login [Brandon clicks on button that shows us the form to login, Brandon enters '1026154371' into where do we write the user, Brandon enters 'Choucair2020*' into where do we write the password, Brandon clicks on button to confirm login]]
[Test worker] WARN net.thucydides.core.steps.BaseStepListener - stepStarted: net.thucydides.core.steps.ExecutedStepDescription@43294b07
[Test worker] WARN net.thucydides.core.steps.BaseStepListener - stepStarted: net.thucydides.core.steps.ExecutedStepDescription@6c66d71c
[Test worker] WARN net.thucydides.core.steps.BaseStepListener - stepStarted: net.thucydides.core.steps.ExecutedStepDescription@49a47d6b
[Test worker] WARN net.thucydides.core.steps.BaseStepListener - stepFinished: current outcome:Search for a automation course:Given than Rose wants to learn automation at the Academy Choucair
| strUser | strPassword |
| 1026154371 | Choucair2020* | [Brandon open up [Brandon opens the Choucair academy page], Brandon login [Brandon clicks on button that shows us the form to login, Brandon enters '1026154371' into where do we write the user, Brandon enters 'Choucair2020*' into where do we write the password, Brandon clicks on button to confirm login]], When she search for the course on the Choucair Academy platform
| strCourse |
| Prueba Técnica - Analista Bancolombia | [Brandon search [Brandon clicks on Selecciona la universidad choucair]]
[Test worker] WARN net.thucydides.core.steps.BaseStepListener - stepStarted: net.thucydides.core.steps.ExecutedStepDescription@26a39127
[Test worker] WARN net.thucydides.core.steps.BaseStepListener - stepFinished: current outcome:Search for a automation course:Given than Rose wants to learn automation at the Academy Choucair
| strUser | strPassword |
| 1026154371 | Choucair2020* | [Brandon open up [Brandon opens the Choucair academy page], Brandon login [Brandon clicks on button that shows us the form to login, Brandon enters '1026154371' into where do we write the user, Brandon enters 'Choucair2020*' into where do we write the password, Brandon clicks on button to confirm login]], When she search for the course on the Choucair Academy platform
| strCourse |
| Prueba Técnica - Analista Bancolombia | [Brandon search [Brandon clicks on Selecciona la universidad choucair, Brandon enters 'Prueba Técnica - Analista Bancolombia' into Prueba TÃ©cnica - Analista Bancolombia]]
[Test worker] WARN net.thucydides.core.steps.BaseStepListener - stepStarted: net.thucydides.core.steps.ExecutedStepDescription@6c239cbe
[Test worker] WARN net.thucydides.core.steps.BaseStepListener - stepFinished: current outcome:Search for a automation course:Given than Rose wants to learn automation at the Academy Choucair
| strUser | strPassword |
| 1026154371 | Choucair2020* | [Brandon open up [Brandon opens the Choucair academy page], Brandon login [Brandon clicks on button that shows us the form to login, Brandon enters '1026154371' into where do we write the user, Brandon enters 'Choucair2020*' into where do we write the password, Brandon clicks on button to confirm login]], When she search for the course on the Choucair Academy platform
| strCourse |
| Prueba Técnica - Analista Bancolombia | [Brandon search [Brandon clicks on Selecciona la universidad choucair, Brandon enters 'Prueba Técnica - Analista Bancolombia' into Prueba TÃ©cnica - Analista Bancolombia, Brandon clicks on Da click para buscar el curso]]
[Test worker] WARN net.thucydides.core.steps.BaseStepListener - stepStarted: net.thucydides.core.steps.ExecutedStepDescription@39db57c3
[Test worker] WARN net.thucydides.core.steps.BaseStepListener - stepFinished: current outcome:Search for a automation course:Given than Rose wants to learn automation at the Academy Choucair
| strUser | strPassword |
| 1026154371 | Choucair2020* | [Brandon open up [Brandon opens the Choucair academy page], Brandon login [Brandon clicks on button that shows us the form to login, Brandon enters '1026154371' into where do we write the user, Brandon enters 'Choucair2020*' into where do we write the password, Brandon clicks on button to confirm login]], When she search for the course on the Choucair Academy platform
| strCourse |
| Prueba Técnica - Analista Bancolombia | [Brandon search [Brandon clicks on Selecciona la universidad choucair, Brandon enters 'Prueba Técnica - Analista Bancolombia' into Prueba TÃ©cnica - Analista Bancolombia, Brandon clicks on Da click para buscar el curso, Brandon clicks on Da click para buscar el curso]]
[Test worker] WARN net.thucydides.core.steps.BaseStepListener - stepFinished: current outcome:Search for a automation course:Given than Rose wants to learn automation at the Academy Choucair
| strUser | strPassword |
| 1026154371 | Choucair2020* | [Brandon open up [Brandon opens the Choucair academy page], Brandon login [Brandon clicks on button that shows us the form to login, Brandon enters '1026154371' into where do we write the user, Brandon enters 'Choucair2020*' into where do we write the password, Brandon clicks on button to confirm login]], When she search for the course on the Choucair Academy platform
| strCourse |
| Prueba Técnica - Analista Bancolombia | [Brandon search [Brandon clicks on Selecciona la universidad choucair, Brandon enters 'Prueba Técnica - Analista Bancolombia' into Prueba TÃ©cnica - Analista Bancolombia, Brandon clicks on Da click para buscar el curso, Brandon clicks on Da click para buscar el curso]]
[Test worker] WARN net.thucydides.core.steps.BaseStepListener - stepFinished: current outcome:Search for a automation course:Given than Rose wants to learn automation at the Academy Choucair
| strUser | strPassword |
| 1026154371 | Choucair2020* | [Brandon open up [Brandon opens the Choucair academy page], Brandon login [Brandon clicks on button that shows us the form to login, Brandon enters '1026154371' into where do we write the user, Brandon enters 'Choucair2020*' into where do we write the password, Brandon clicks on button to confirm login]], When she search for the course on the Choucair Academy platform
| strCourse |
| Prueba Técnica - Analista Bancolombia | [Brandon search [Brandon clicks on Selecciona la universidad choucair, Brandon enters 'Prueba Técnica - Analista Bancolombia' into Prueba TÃ©cnica - Analista Bancolombia, Brandon clicks on Da click para buscar el curso, Brandon clicks on Da click para buscar el curso]]
[Test worker] WARN net.thucydides.core.steps.BaseStepListener - stepStarted: net.thucydides.core.steps.ExecutedStepDescription@77ebacd8
[Test worker] WARN net.thucydides.core.steps.BaseStepListener - stepStarted: net.thucydides.core.steps.ExecutedStepDescription@4befa2de
[Test worker] WARN net.thucydides.core.steps.BaseStepListener - stepFinished: current outcome:Search for a automation course:Given than Rose wants to learn automation at the Academy Choucair
| strUser | strPassword |
| 1026154371 | Choucair2020* | [Brandon open up [Brandon opens the Choucair academy page], Brandon login [Brandon clicks on button that shows us the form to login, Brandon enters '1026154371' into where do we write the user, Brandon enters 'Choucair2020*' into where do we write the password, Brandon clicks on button to confirm login]], When she search for the course on the Choucair Academy platform
| strCourse |
| Prueba Técnica - Analista Bancolombia | [Brandon search [Brandon clicks on Selecciona la universidad choucair, Brandon enters 'Prueba Técnica - Analista Bancolombia' into Prueba TÃ©cnica - Analista Bancolombia, Brandon clicks on Da click para buscar el curso, Brandon clicks on Da click para buscar el curso]], Then she finds the course called
| strCourse |
| Prueba Técnica - Analista Bancolombia | [Then answer]
[Test worker] WARN net.thucydides.core.steps.BaseStepListener - stepFinished: current outcome:Search for a automation course:Given than Rose wants to learn automation at the Academy Choucair
| strUser | strPassword |
| 1026154371 | Choucair2020* | [Brandon open up [Brandon opens the Choucair academy page], Brandon login [Brandon clicks on button that shows us the form to login, Brandon enters '1026154371' into where do we write the user, Brandon enters 'Choucair2020*' into where do we write the password, Brandon clicks on button to confirm login]], When she search for the course on the Choucair Academy platform
| strCourse |
| Prueba Técnica - Analista Bancolombia | [Brandon search [Brandon clicks on Selecciona la universidad choucair, Brandon enters 'Prueba Técnica - Analista Bancolombia' into Prueba TÃ©cnica - Analista Bancolombia, Brandon clicks on Da click para buscar el curso, Brandon clicks on Da click para buscar el curso]], Then she finds the course called
| strCourse |
| Prueba Técnica - Analista Bancolombia | [Then answer]
[Test worker] WARN net.thucydides.core.steps.BaseStepListener - testFinished: Search for a automation course:Given than Rose wants to learn automation at the Academy Choucair
| strUser | strPassword |
| 1026154371 | Choucair2020* | [Brandon open up [Brandon opens the Choucair academy page], Brandon login [Brandon clicks on button that shows us the form to login, Brandon enters '1026154371' into where do we write the user, Brandon enters 'Choucair2020*' into where do we write the password, Brandon clicks on button to confirm login]], When she search for the course on the Choucair Academy platform
| strCourse |
| Prueba Técnica - Analista Bancolombia | [Brandon search [Brandon clicks on Selecciona la universidad choucair, Brandon enters 'Prueba Técnica - Analista Bancolombia' into Prueba TÃ©cnica - Analista Bancolombia, Brandon clicks on Da click para buscar el curso, Brandon clicks on Da click para buscar el curso]], Then she finds the course called
| strCourse |
| Prueba Técnica - Analista Bancolombia | [Then answer]
[Test worker] WARN net.thucydides.core.steps.BaseStepListener - TestOutcomes: [Search for a automation course:Given than Rose wants to learn automation at the Academy Choucair
| strUser | strPassword |
| 1026154371 | Choucair2020* | [Brandon open up [Brandon opens the Choucair academy page], Brandon login [Brandon clicks on button that shows us the form to login, Brandon enters '1026154371' into where do we write the user, Brandon enters 'Choucair2020*' into where do we write the password, Brandon clicks on button to confirm login]], When she search for the course on the Choucair Academy platform
| strCourse |
| Prueba Técnica - Analista Bancolombia | [Brandon search [Brandon clicks on Selecciona la universidad choucair, Brandon enters 'Prueba Técnica - Analista Bancolombia' into Prueba TÃ©cnica - Analista Bancolombia, Brandon clicks on Da click para buscar el curso, Brandon clicks on Da click para buscar el curso]], Then she finds the course called
| strCourse |
| Prueba Técnica - Analista Bancolombia | [Then answer]]
[Test worker] WARN net.thucydides.core.steps.BaseStepListener - Final testOutcomes: [Search for a automation course:Given than Rose wants to learn automation at the Academy Choucair
| strUser | strPassword |
| 1026154371 | Choucair2020* | [Brandon open up [Brandon opens the Choucair academy page], Brandon login [Brandon clicks on button that shows us the form to login, Brandon enters '1026154371' into where do we write the user, Brandon enters 'Choucair2020*' into where do we write the password, Brandon clicks on button to confirm login]], When she search for the course on the Choucair Academy platform
| strCourse |
| Prueba Técnica - Analista Bancolombia | [Brandon search [Brandon clicks on Selecciona la universidad choucair, Brandon enters 'Prueba Técnica - Analista Bancolombia' into Prueba TÃ©cnica - Analista Bancolombia, Brandon clicks on Da click para buscar el curso, Brandon clicks on Da click para buscar el curso]], Then she finds the course called
| strCourse |
| Prueba Técnica - Analista Bancolombia | [Then answer]]
[Test worker] INFO net.thucydides.core.steps.ConsoleLoggingListener - 
        __    _____ _____ ____ _____   ____   _    ____  ____  _____ ____  
  _     \ \  |_   _| ____/ ___|_   _| |  _ \ / \  / ___|/ ___|| ____|  _ \ 
 (_)_____| |   | | |  _| \___ \ | |   | |_) / _ \ \___ \\___ \|  _| | | | |
  _|_____| |   | | | |___ ___) || |   |  __/ ___ \ ___) |___) | |___| |_| |
 (_)     | |   |_| |_____|____/ |_|   |_| /_/   \_\____/|____/|_____|____/ 
        /_/                                                                

TEST PASSED: Search for a automation course
----------------------------------------------------------------------------
]]></system-err>
</testsuite>
